<?xml version="1.0" encoding="UTF-8"?>
<!-- Generated by org.testng.reporters.JUnitXMLReporter -->
<testsuite hostname="sys" ignored="2" name="ProductsTest" tests="16" failures="6" timestamp="2020-01-21T14:09:31 IST" time="6.018" errors="0">
  <testcase name="Validate_Get_products_Response_TC02" time="0.095" classname="Products.Products_Get"/>
  <testcase name="Validate_Get_products_StatusCode_TC01" time="0.0" classname="Products.Products_Get"/>
  <testcase name="Validate_Get_products_StatusLine_TC03" time="0.015" classname="Products.Products_Get"/>
  <testcase name="Validate_Get_products_Response_time_TC04" time="0.0" classname="Products.Products_Get"/>
  <testcase name="Validate_Get_products_Response_Headers_TC05" time="0.016" classname="Products.Products_Get"/>
  <testcase name="IntendToFail_Get_products_StatusCode_TC06" time="0.0" classname="Products.Products_Get">
    <failure type="java.lang.AssertionError" message="Data Miss Matched expected [201] but found [200]">
      <![CDATA[java.lang.AssertionError: Data Miss Matched expected [201] but found [200]
at Products.Products_Get.IntendToFail_Get_products_StatusCode_TC06(Products_Get.java:88)
at java.util.ArrayList.forEach(Unknown Source)
... Removed 31 stack frames]]>
    </failure>
  </testcase> <!-- IntendToFail_Get_products_StatusCode_TC06 -->
  <testcase name="IntendToFail_Get_products_StatusLine_TC07" time="0.0" classname="Products.Products_Get">
    <failure type="java.lang.AssertionError" message="Data Miss Matched expected [HTTP/1.1 201 OK] but found [HTTP/1.1 200 OK]">
      <![CDATA[java.lang.AssertionError: Data Miss Matched expected [HTTP/1.1 201 OK] but found [HTTP/1.1 200 OK]
at Products.Products_Get.IntendToFail_Get_products_StatusLine_TC07(Products_Get.java:96)
at java.util.ArrayList.forEach(Unknown Source)
... Removed 31 stack frames]]>
    </failure>
  </testcase> <!-- IntendToFail_Get_products_StatusLine_TC07 -->
  <testcase name="IntendToFail_Get_products_Response_Headers_TC08" time="0.015" classname="Products.Products_Get">
    <failure type="java.lang.AssertionError" message="Data Miss Matched expected [chunkedd] but found [chunked]">
      <![CDATA[java.lang.AssertionError: Data Miss Matched expected [chunkedd] but found [chunked]
at Products.Products_Get.IntendToFail_Get_products_Response_Headers_TC08(Products_Get.java:105)
at java.util.ArrayList.forEach(Unknown Source)
... Removed 31 stack frames]]>
    </failure>
  </testcase> <!-- IntendToFail_Get_products_Response_Headers_TC08 -->
  <testcase name="Validate_Get_products_Response_TC01" time="2.018" classname="Products.Products_Get_Id"/>
  <testcase name="Products_Get_Id_StatusCode_TC02" time="0.0" classname="Products.Products_Get_Id"/>
  <testcase name="Products_Get_Id_StatusLine_TC03" time="0.0" classname="Products.Products_Get_Id"/>
  <testcase name="Products_Get_Id_Headers_TC04" time="0.0" classname="Products.Products_Get_Id"/>
  <testcase name="Products_Get_Id_ResponseTime_TC05" time="0.0" classname="Products.Products_Get_Id"/>
  <testcase name="IntendToFailProducts_Get_Id_StatusCode_TC07" time="0.015" classname="Products.Products_Get_Id">
    <failure type="java.lang.AssertionError" message="expected [201] but found [200]">
      <![CDATA[java.lang.AssertionError: expected [201] but found [200]
at Products.Products_Get_Id.IntendToFailProducts_Get_Id_StatusCode_TC07(Products_Get_Id.java:86)
at java.util.ArrayList.forEach(Unknown Source)
... Removed 32 stack frames]]>
    </failure>
  </testcase> <!-- IntendToFailProducts_Get_Id_StatusCode_TC07 -->
  <testcase name="IntendToFailProducts_Get_Id_StatusLine_TC08" time="0.0" classname="Products.Products_Get_Id">
    <failure type="java.lang.AssertionError" message="expected [HTTP/1.1 201 OK] but found [HTTP/1.1 200 OK]">
      <![CDATA[java.lang.AssertionError: expected [HTTP/1.1 201 OK] but found [HTTP/1.1 200 OK]
at Products.Products_Get_Id.IntendToFailProducts_Get_Id_StatusLine_TC08(Products_Get_Id.java:94)
at java.util.ArrayList.forEach(Unknown Source)
... Removed 32 stack frames]]>
    </failure>
  </testcase> <!-- IntendToFailProducts_Get_Id_StatusLine_TC08 -->
  <testcase name="IntendToFailProducts_Get_Id_Headers_TC09" time="0.0" classname="Products.Products_Get_Id">
    <failure type="java.lang.AssertionError" message="expected [wwW/&amp;quot;448-HK+7FOWwXWiupzaUDo7jVkmRXqo&amp;quot;] but found [W/&amp;quot;448-HK+7FOWwXWiupzaUDo7jVkmRXqo&amp;quot;]">
      <![CDATA[java.lang.AssertionError: expected [wwW/"448-HK+7FOWwXWiupzaUDo7jVkmRXqo"] but found [W/"448-HK+7FOWwXWiupzaUDo7jVkmRXqo"]
at Products.Products_Get_Id.IntendToFailProducts_Get_Id_Headers_TC09(Products_Get_Id.java:102)
at java.util.ArrayList.forEach(Unknown Source)
... Removed 32 stack frames]]>
    </failure>
  </testcase> <!-- IntendToFailProducts_Get_Id_Headers_TC09 -->
  <testcase name="IntendToFailProducts_Get_Id_ResponseTime_TC10" time="0.0" classname="Products.Products_Get_Id">
    <ignored/>
  </testcase> <!-- IntendToFailProducts_Get_Id_ResponseTime_TC10 -->
  <testcase name="IntendToFailProducts_Get_Id_Response_TC06" time="0.0" classname="Products.Products_Get_Id">
    <ignored/>
  </testcase> <!-- IntendToFailProducts_Get_Id_Response_TC06 -->
</testsuite> <!-- ProductsTest -->
